<?xml version="1.0" encoding="UTF-8"?>
<!-- Generated by org.testng.reporters.JUnitReportReporter -->
<testsuite skipped="0" hostname="LAPTOP-5I3A2SA0" name="com.pratian.SauceDemo.Automation.Tests.TestAddCartitem" tests="2" failures="0" timestamp="2021-02-12T16:35:19 IST" time="116.603" errors="0">
  <testcase name="AddtoCart" time="17.432" classname="com.pratian.SauceDemo.Automation.Tests.TestAddCartitem"/>
  <system-out/>
  <testcase name="AddtoCart" time="99.171" classname="com.pratian.SauceDemo.Automation.Tests.TestAddCartitem"/>
  <system-out/>
</testsuite> <!-- com.pratian.SauceDemo.Automation.Tests.TestAddCartitem -->
